0 info it worked if it ends with ok
1 verbose cli [ '/home/dabeeo/anaconda3/envs/nodejs/bin/node',
1 verbose cli   '/home/dabeeo/anaconda3/envs/nodejs/bin/npm',
1 verbose cli   'start' ]
2 info using npm@3.10.10
3 info using node@v6.11.0
4 verbose run-script [ 'prestart', 'start', 'poststart' ]
5 info lifecycle nodep@1.0.0~prestart: nodep@1.0.0
6 silly lifecycle nodep@1.0.0~prestart: no script for prestart, continuing
7 info lifecycle nodep@1.0.0~start: nodep@1.0.0
8 verbose lifecycle nodep@1.0.0~start: unsafe-perm in lifecycle true
9 verbose lifecycle nodep@1.0.0~start: PATH: /home/dabeeo/anaconda3/envs/nodejs/lib/node_modules/npm/bin/node-gyp-bin:/home/dabeeo/Documents/nodep/node_modules/.bin:/home/dabeeo/anaconda3/envs/nodejs/bin:/home/dabeeo/anaconda3/bin:/home/dabeeo/bin:/home/dabeeo/.local/bin:/home/dabeeo/anaconda3/bin:/home/dabeeo/bin:/home/dabeeo/.local/bin:/usr/local/sbin:/usr/local/bin:/usr/sbin:/usr/bin:/sbin:/bin:/usr/games:/usr/local/games:/snap/bin:/snap/bin
10 verbose lifecycle nodep@1.0.0~start: CWD: /home/dabeeo/Documents/nodep
11 silly lifecycle nodep@1.0.0~start: Args: [ '-c', 'nodemon app.js' ]
12 silly lifecycle nodep@1.0.0~start: Returned: code: 1  signal: null
13 info lifecycle nodep@1.0.0~start: Failed to exec start script
14 verbose stack Error: nodep@1.0.0 start: `nodemon app.js`
14 verbose stack Exit status 1
14 verbose stack     at EventEmitter.<anonymous> (/home/dabeeo/anaconda3/envs/nodejs/lib/node_modules/npm/lib/utils/lifecycle.js:255:16)
14 verbose stack     at emitTwo (events.js:106:13)
14 verbose stack     at EventEmitter.emit (events.js:191:7)
14 verbose stack     at ChildProcess.<anonymous> (/home/dabeeo/anaconda3/envs/nodejs/lib/node_modules/npm/lib/utils/spawn.js:40:14)
14 verbose stack     at emitTwo (events.js:106:13)
14 verbose stack     at ChildProcess.emit (events.js:191:7)
14 verbose stack     at maybeClose (internal/child_process.js:891:16)
14 verbose stack     at Process.ChildProcess._handle.onexit (internal/child_process.js:226:5)
15 verbose pkgid nodep@1.0.0
16 verbose cwd /home/dabeeo/Documents/nodep
17 error Linux 4.10.0-32-generic
18 error argv "/home/dabeeo/anaconda3/envs/nodejs/bin/node" "/home/dabeeo/anaconda3/envs/nodejs/bin/npm" "start"
19 error node v6.11.0
20 error npm  v3.10.10
21 error code ELIFECYCLE
22 error nodep@1.0.0 start: `nodemon app.js`
22 error Exit status 1
23 error Failed at the nodep@1.0.0 start script 'nodemon app.js'.
23 error Make sure you have the latest version of node.js and npm installed.
23 error If you do, this is most likely a problem with the nodep package,
23 error not with npm itself.
23 error Tell the author that this fails on your system:
23 error     nodemon app.js
23 error You can get information on how to open an issue for this project with:
23 error     npm bugs nodep
23 error Or if that isn't available, you can get their info via:
23 error     npm owner ls nodep
23 error There is likely additional logging output above.
24 verbose exit [ 1, true ]
